Performing C++ SOURCE FILE Test CMAKE_HAVE_LIBC_PTHREAD failed with the following output:
Change Dir: /home/lory/r3live_ws/src/livox_ros_driver/build/CMakeFiles/CMakeTmp

Run Build Command(s):/usr/bin/make -f Makefile cmTC_c0b35/fast && /usr/bin/make  -f CMakeFiles/cmTC_c0b35.dir/build.make CMakeFiles/cmTC_c0b35.dir/build
make[1]: 进入目录“/home/lory/r3live_ws/src/livox_ros_driver/build/CMakeFiles/CMakeTmp”
Building CXX object CMakeFiles/cmTC_c0b35.dir/src.cxx.o
/usr/bin/x86_64-linux-gnu-g++-7 -DCMAKE_HAVE_LIBC_PTHREAD   -o CMakeFiles/cmTC_c0b35.dir/src.cxx.o -c /home/lory/r3live_ws/src/livox_ros_driver/build/CMakeFiles/CMakeTmp/src.cxx
Linking CXX executable cmTC_c0b35
/usr/share/cmake-3.24.0/bin/cmake -E cmake_link_script CMakeFiles/cmTC_c0b35.dir/link.txt --verbose=1
/usr/bin/x86_64-linux-gnu-g++-7 -rdynamic CMakeFiles/cmTC_c0b35.dir/src.cxx.o -o cmTC_c0b35 
CMakeFiles/cmTC_c0b35.dir/src.cxx.o：在函数‘main’中：
src.cxx:(.text+0x3e)：对‘pthread_create’未定义的引用
src.cxx:(.text+0x4a)：对‘pthread_detach’未定义的引用
src.cxx:(.text+0x56)：对‘pthread_cancel’未定义的引用
src.cxx:(.text+0x67)：对‘pthread_join’未定义的引用
src.cxx:(.text+0x7b)：对‘pthread_atfork’未定义的引用
collect2: error: ld returned 1 exit status
CMakeFiles/cmTC_c0b35.dir/build.make:98: recipe for target 'cmTC_c0b35' failed
make[1]: *** [cmTC_c0b35] Error 1
make[1]: 离开目录“/home/lory/r3live_ws/src/livox_ros_driver/build/CMakeFiles/CMakeTmp”
Makefile:127: recipe for target 'cmTC_c0b35/fast' failed
make: *** [cmTC_c0b35/fast] Error 2


Source file was:
#include <pthread.h>

static void* test_func(void* data)
{
  return data;
}

int main(void)
{
  pthread_t thread;
  pthread_create(&thread, NULL, test_func, NULL);
  pthread_detach(thread);
  pthread_cancel(thread);
  pthread_join(thread, NULL);
  pthread_atfork(NULL, NULL, NULL);
  pthread_exit(NULL);

  return 0;
}

Determining if the function pthread_create exists in the pthreads failed with the following output:
Change Dir: /home/lory/r3live_ws/src/livox_ros_driver/build/CMakeFiles/CMakeTmp

Run Build Command(s):/usr/bin/make -f Makefile cmTC_b7a0b/fast && /usr/bin/make  -f CMakeFiles/cmTC_b7a0b.dir/build.make CMakeFiles/cmTC_b7a0b.dir/build
make[1]: 进入目录“/home/lory/r3live_ws/src/livox_ros_driver/build/CMakeFiles/CMakeTmp”
Building CXX object CMakeFiles/cmTC_b7a0b.dir/CheckFunctionExists.cxx.o
/usr/bin/x86_64-linux-gnu-g++-7   -DCHECK_FUNCTION_EXISTS=pthread_create -o CMakeFiles/cmTC_b7a0b.dir/CheckFunctionExists.cxx.o -c /home/lory/r3live_ws/src/livox_ros_driver/build/CMakeFiles/CheckLibraryExists/CheckFunctionExists.cxx
Linking CXX executable cmTC_b7a0b
/usr/share/cmake-3.24.0/bin/cmake -E cmake_link_script CMakeFiles/cmTC_b7a0b.dir/link.txt --verbose=1
/usr/bin/x86_64-linux-gnu-g++-7  -DCHECK_FUNCTION_EXISTS=pthread_create -rdynamic CMakeFiles/cmTC_b7a0b.dir/CheckFunctionExists.cxx.o -o cmTC_b7a0b  -lpthreads 
/usr/bin/ld: 找不到 -lpthreads
collect2: error: ld returned 1 exit status
CMakeFiles/cmTC_b7a0b.dir/build.make:98: recipe for target 'cmTC_b7a0b' failed
make[1]: *** [cmTC_b7a0b] Error 1
make[1]: 离开目录“/home/lory/r3live_ws/src/livox_ros_driver/build/CMakeFiles/CMakeTmp”
Makefile:127: recipe for target 'cmTC_b7a0b/fast' failed
make: *** [cmTC_b7a0b/fast] Error 2



